2024-07-10 17:25:28,363 INFO  [io.undertow.servlet] (ServerService Thread Pool -- 106) 2 Spring WebApplicationInitializers detected on classpath
2024-07-10 17:25:28,920 INFO  [stdout] (ServerService Thread Pool -- 106)             _             _                                        _             
2024-07-10 17:25:28,921 INFO  [stdout] (ServerService Thread Pool -- 106)   __ _   __| | _ __ ___  (_) _ __          ___   ___  _ __ __   __(_)  ___   ___ 
2024-07-10 17:25:28,928 INFO  [stdout] (ServerService Thread Pool -- 106)  / _` | / _` || '_ ` _ \ | || '_ \  _____ / __| / _ \| '__|\ \ / /| | / __| / _ \
2024-07-10 17:25:28,929 INFO  [stdout] (ServerService Thread Pool -- 106) | (_| || (_| || | | | | || || | | ||_____|\__ \|  __/| |    \ V / | || (__ |  __/
2024-07-10 17:25:28,946 INFO  [stdout] (ServerService Thread Pool -- 106)  \__,_| \__,_||_| |_| |_||_||_| |_|       |___/ \___||_|     \_/  |_| \___| \___|
2024-07-10 17:25:29,072 INFO  [gov.hhs.cms.macfin.Application] (ServerService Thread Pool -- 106) Starting Application using Java 17.0.11 with PID 36908 (started by rsinghal in C:\MACFin\wildfly\wildfly-32.0.1.Final\bin)
2024-07-10 17:25:29,074 DEBUG [gov.hhs.cms.macfin.Application] (ServerService Thread Pool -- 106) Running with Spring Boot v3.1.12, Spring v6.0.21
2024-07-10 17:25:29,077 INFO  [gov.hhs.cms.macfin.Application] (ServerService Thread Pool -- 106) No active profile set, falling back to 1 default profile: "default"
2024-07-10 17:25:30,255 INFO  [io.undertow.servlet] (ServerService Thread Pool -- 91) 2 Spring WebApplicationInitializers detected on classpath
2024-07-10 17:25:31,066 INFO  [gov.hhs.cms.macfin.Application] (ServerService Thread Pool -- 91) Starting Application using Java 17.0.11 with PID 36908 (started by rsinghal in C:\MACFin\wildfly\wildfly-32.0.1.Final\bin)
2024-07-10 17:25:31,067 DEBUG [gov.hhs.cms.macfin.Application] (ServerService Thread Pool -- 91) Running with Spring Boot v3.1.12, Spring v6.0.21
2024-07-10 17:25:31,071 INFO  [gov.hhs.cms.macfin.Application] (ServerService Thread Pool -- 91) No active profile set, falling back to 1 default profile: "default"
2024-07-10 17:25:33,798 INFO  [gov.hhs.cms.macfin.config.MacfinConfig] (ServerService Thread Pool -- 106) MACFIN_ENV=local/LOCAL/local
2024-07-10 17:25:33,863 ERROR [org.springframework.boot.SpringApplication] (ServerService Thread Pool -- 106) Application run failed: org.springframework.beans.factory.UnsatisfiedDependencyException: Error creating bean with name 'dataSourceScriptDatabaseInitializer' defined in class path resource [org/springframework/boot/autoconfigure/sql/init/DataSourceInitializationConfiguration.class]: Unsatisfied dependency expressed through method 'dataSourceScriptDatabaseInitializer' parameter 0: Error creating bean with name 'getDataSource' defined in class path resource [gov/hhs/cms/macfin/common/ServiceConfig.class]: Failed to instantiate [javax.sql.DataSource]: Factory method 'getDataSource' threw exception with message: Missing database URL. Configure admin.datasource.url property in either of config files.
	at deployment.administrative-service.war//org.springframework.beans.factory.support.ConstructorResolver.createArgumentArray(ConstructorResolver.java:794)
	at deployment.administrative-service.war//org.springframework.beans.factory.support.ConstructorResolver.instantiateUsingFactoryMethod(ConstructorResolver.java:541)
	at deployment.administrative-service.war//org.springframework.beans.factory.support.AbstractAutowireCapableBeanFactory.instantiateUsingFactoryMethod(AbstractAutowireCapableBeanFactory.java:1330)
	at deployment.administrative-service.war//org.springframework.beans.factory.support.AbstractAutowireCapableBeanFactory.createBeanInstance(AbstractAutowireCapableBeanFactory.java:1160)
	at deployment.administrative-service.war//org.springframework.beans.factory.support.AbstractAutowireCapableBeanFactory.doCreateBean(AbstractAutowireCapableBeanFactory.java:558)
	at deployment.administrative-service.war//org.springframework.beans.factory.support.AbstractAutowireCapableBeanFactory.createBean(AbstractAutowireCapableBeanFactory.java:518)
	at deployment.administrative-service.war//org.springframework.beans.factory.support.AbstractBeanFactory.lambda$doGetBean$0(AbstractBeanFactory.java:326)
	at deployment.administrative-service.war//org.springframework.beans.factory.support.DefaultSingletonBeanRegistry.getSingleton(DefaultSingletonBeanRegistry.java:234)
	at deployment.administrative-service.war//org.springframework.beans.factory.support.AbstractBeanFactory.doGetBean(AbstractBeanFactory.java:324)
	at deployment.administrative-service.war//org.springframework.beans.factory.support.AbstractBeanFactory.getBean(AbstractBeanFactory.java:200)
	at deployment.administrative-service.war//org.springframework.beans.factory.support.AbstractBeanFactory.doGetBean(AbstractBeanFactory.java:313)
	at deployment.administrative-service.war//org.springframework.beans.factory.support.AbstractBeanFactory.getBean(AbstractBeanFactory.java:200)
	at deployment.administrative-service.war//org.springframework.context.support.AbstractApplicationContext.getBean(AbstractApplicationContext.java:1168)
	at deployment.administrative-service.war//org.springframework.context.support.AbstractApplicationContext.finishBeanFactoryInitialization(AbstractApplicationContext.java:942)
	at deployment.administrative-service.war//org.springframework.context.support.AbstractApplicationContext.refresh(AbstractApplicationContext.java:615)
	at deployment.administrative-service.war//org.springframework.boot.web.servlet.context.ServletWebServerApplicationContext.refresh(ServletWebServerApplicationContext.java:146)
	at deployment.administrative-service.war//org.springframework.boot.SpringApplication.refresh(SpringApplication.java:739)
	at deployment.administrative-service.war//org.springframework.boot.SpringApplication.refreshContext(SpringApplication.java:441)
	at deployment.administrative-service.war//org.springframework.boot.SpringApplication.run(SpringApplication.java:325)
	at deployment.administrative-service.war//org.springframework.boot.web.servlet.support.SpringBootServletInitializer.run(SpringBootServletInitializer.java:174)
	at deployment.administrative-service.war//org.springframework.boot.web.servlet.support.SpringBootServletInitializer.createRootApplicationContext(SpringBootServletInitializer.java:154)
	at deployment.administrative-service.war//org.springframework.boot.web.servlet.support.SpringBootServletInitializer.onStartup(SpringBootServletInitializer.java:96)
	at deployment.administrative-service.war//org.springframework.web.SpringServletContainerInitializer.onStartup(SpringServletContainerInitializer.java:171)
	at io.undertow.servlet@2.3.13.Final//io.undertow.servlet.core.DeploymentManagerImpl$1.call(DeploymentManagerImpl.java:204)
	at io.undertow.servlet@2.3.13.Final//io.undertow.servlet.core.DeploymentManagerImpl$1.call(DeploymentManagerImpl.java:187)
	at io.undertow.servlet@2.3.13.Final//io.undertow.servlet.core.ServletRequestContextThreadSetupAction$1.call(ServletRequestContextThreadSetupAction.java:42)
	at io.undertow.servlet@2.3.13.Final//io.undertow.servlet.core.ContextClassLoaderSetupAction$1.call(ContextClassLoaderSetupAction.java:43)
	at org.wildfly.extension.undertow@32.0.1.Final//org.wildfly.extension.undertow.deployment.UndertowDeploymentInfoService$UndertowThreadSetupAction.lambda$create$0(UndertowDeploymentInfoService.java:1421)
	at org.wildfly.extension.undertow@32.0.1.Final//org.wildfly.extension.undertow.deployment.UndertowDeploymentInfoService$UndertowThreadSetupAction.lambda$create$0(UndertowDeploymentInfoService.java:1421)
	at org.wildfly.extension.undertow@32.0.1.Final//org.wildfly.extension.undertow.deployment.UndertowDeploymentInfoService$UndertowThreadSetupAction.lambda$create$0(UndertowDeploymentInfoService.java:1421)
	at org.wildfly.extension.undertow@32.0.1.Final//org.wildfly.extension.undertow.deployment.UndertowDeploymentInfoService$UndertowThreadSetupAction.lambda$create$0(UndertowDeploymentInfoService.java:1421)
	at org.wildfly.extension.undertow@32.0.1.Final//org.wildfly.extension.undertow.deployment.UndertowDeploymentInfoService$UndertowThreadSetupAction.lambda$create$0(UndertowDeploymentInfoService.java:1421)
	at io.undertow.servlet@2.3.13.Final//io.undertow.servlet.core.DeploymentManagerImpl.deploy(DeploymentManagerImpl.java:255)
	at org.wildfly.extension.undertow@32.0.1.Final//org.wildfly.extension.undertow.deployment.UndertowDeploymentService.startContext(UndertowDeploymentService.java:88)
	at org.wildfly.extension.undertow@32.0.1.Final//org.wildfly.extension.undertow.deployment.UndertowDeploymentService$1.run(UndertowDeploymentService.java:70)
	at java.base/java.util.concurrent.Executors$RunnableAdapter.call(Executors.java:539)
	at java.base/java.util.concurrent.FutureTask.run(FutureTask.java:264)
	at org.jboss.threads@2.4.0.Final//org.jboss.threads.ContextClassLoaderSavingRunnable.run(ContextClassLoaderSavingRunnable.java:35)
	at org.jboss.threads@2.4.0.Final//org.jboss.threads.EnhancedQueueExecutor.safeRun(EnhancedQueueExecutor.java:1990)
	at org.jboss.threads@2.4.0.Final//org.jboss.threads.EnhancedQueueExecutor$ThreadBody.doRunTask(EnhancedQueueExecutor.java:1486)
	at org.jboss.threads@2.4.0.Final//org.jboss.threads.EnhancedQueueExecutor$ThreadBody.run(EnhancedQueueExecutor.java:1377)
	at java.base/java.lang.Thread.run(Thread.java:840)
	at org.jboss.threads@2.4.0.Final//org.jboss.threads.JBossThread.run(JBossThread.java:513)
Caused by: org.springframework.beans.factory.BeanCreationException: Error creating bean with name 'getDataSource' defined in class path resource [gov/hhs/cms/macfin/common/ServiceConfig.class]: Failed to instantiate [javax.sql.DataSource]: Factory method 'getDataSource' threw exception with message: Missing database URL. Configure admin.datasource.url property in either of config files.
	at deployment.administrative-service.war//org.springframework.beans.factory.support.ConstructorResolver.instantiate(ConstructorResolver.java:647)
	at deployment.administrative-service.war//org.springframework.beans.factory.support.ConstructorResolver.instantiateUsingFactoryMethod(ConstructorResolver.java:635)
	at deployment.administrative-service.war//org.springframework.beans.factory.support.AbstractAutowireCapableBeanFactory.instantiateUsingFactoryMethod(AbstractAutowireCapableBeanFactory.java:1330)
	at deployment.administrative-service.war//org.springframework.beans.factory.support.AbstractAutowireCapableBeanFactory.createBeanInstance(AbstractAutowireCapableBeanFactory.java:1160)
	at deployment.administrative-service.war//org.springframework.beans.factory.support.AbstractAutowireCapableBeanFactory.doCreateBean(AbstractAutowireCapableBeanFactory.java:558)
	at deployment.administrative-service.war//org.springframework.beans.factory.support.AbstractAutowireCapableBeanFactory.createBean(AbstractAutowireCapableBeanFactory.java:518)
	at deployment.administrative-service.war//org.springframework.beans.factory.support.AbstractBeanFactory.lambda$doGetBean$0(AbstractBeanFactory.java:326)
	at deployment.administrative-service.war//org.springframework.beans.factory.support.DefaultSingletonBeanRegistry.getSingleton(DefaultSingletonBeanRegistry.java:234)
	at deployment.administrative-service.war//org.springframework.beans.factory.support.AbstractBeanFactory.doGetBean(AbstractBeanFactory.java:324)
	at deployment.administrative-service.war//org.springframework.beans.factory.support.AbstractBeanFactory.getBean(AbstractBeanFactory.java:200)
	at deployment.administrative-service.war//org.springframework.beans.factory.config.DependencyDescriptor.resolveCandidate(DependencyDescriptor.java:254)
	at deployment.administrative-service.war//org.springframework.beans.factory.support.DefaultListableBeanFactory.doResolveDependency(DefaultListableBeanFactory.java:1417)
	at deployment.administrative-service.war//org.springframework.beans.factory.support.DefaultListableBeanFactory.resolveDependency(DefaultListableBeanFactory.java:1337)
	at deployment.administrative-service.war//org.springframework.beans.factory.support.ConstructorResolver.resolveAutowiredArgument(ConstructorResolver.java:903)
	at deployment.administrative-service.war//org.springframework.beans.factory.support.ConstructorResolver.createArgumentArray(ConstructorResolver.java:781)
	... 42 more
Caused by: org.springframework.beans.BeanInstantiationException: Failed to instantiate [javax.sql.DataSource]: Factory method 'getDataSource' threw exception with message: Missing database URL. Configure admin.datasource.url property in either of config files.
	at deployment.administrative-service.war//org.springframework.beans.factory.support.SimpleInstantiationStrategy.instantiate(SimpleInstantiationStrategy.java:171)
	at deployment.administrative-service.war//org.springframework.beans.factory.support.ConstructorResolver.instantiate(ConstructorResolver.java:643)
	... 56 more
Caused by: gov.hhs.cms.macfin.exception.MACFINRuntimeException: Missing database URL. Configure admin.datasource.url property in either of config files.
	at deployment.administrative-service.war//gov.hhs.cms.macfin.common.ServiceConfig.getDataSourceLocal(ServiceConfig.java:174)
	at deployment.administrative-service.war//gov.hhs.cms.macfin.common.ServiceConfig.getDataSource(ServiceConfig.java:119)
	at deployment.administrative-service.war//gov.hhs.cms.macfin.common.ServiceConfig$$SpringCGLIB$$0.CGLIB$getDataSource$0(<generated>)
	at deployment.administrative-service.war//gov.hhs.cms.macfin.common.ServiceConfig$$SpringCGLIB$$FastClass$$1.invoke(<generated>)
	at deployment.administrative-service.war//org.springframework.cglib.proxy.MethodProxy.invokeSuper(MethodProxy.java:258)
	at deployment.administrative-service.war//org.springframework.context.annotation.ConfigurationClassEnhancer$BeanMethodInterceptor.intercept(ConfigurationClassEnhancer.java:330)
	at deployment.administrative-service.war//gov.hhs.cms.macfin.common.ServiceConfig$$SpringCGLIB$$0.getDataSource(<generated>)
	at java.base/jdk.internal.reflect.NativeMethodAccessorImpl.invoke0(Native Method)
	at java.base/jdk.internal.reflect.NativeMethodAccessorImpl.invoke(NativeMethodAccessorImpl.java:77)
	at java.base/jdk.internal.reflect.DelegatingMethodAccessorImpl.invoke(DelegatingMethodAccessorImpl.java:43)
	at java.base/java.lang.reflect.Method.invoke(Method.java:568)
	at deployment.administrative-service.war//org.springframework.beans.factory.support.SimpleInstantiationStrategy.instantiate(SimpleInstantiationStrategy.java:139)
	... 57 more

2024-07-10 17:25:36,022 INFO  [gov.hhs.cms.macfin.config.MacfinConfig] (ServerService Thread Pool -- 91) MACFIN_ENV=local/LOCAL/local
2024-07-10 17:25:36,078 ERROR [org.springframework.boot.SpringApplication] (ServerService Thread Pool -- 91) Application run failed: org.springframework.beans.factory.UnsatisfiedDependencyException: Error creating bean with name 'dataSourceScriptDatabaseInitializer' defined in class path resource [org/springframework/boot/autoconfigure/sql/init/DataSourceInitializationConfiguration.class]: Unsatisfied dependency expressed through method 'dataSourceScriptDatabaseInitializer' parameter 0: Error creating bean with name 'getDataSource' defined in class path resource [gov/hhs/cms/macfin/common/ServiceConfig.class]: Failed to instantiate [javax.sql.DataSource]: Factory method 'getDataSource' threw exception with message: Missing database URL. Configure grnt.datasource.url property in either of config files.
	at deployment.grant-service.war//org.springframework.beans.factory.support.ConstructorResolver.createArgumentArray(ConstructorResolver.java:794)
	at deployment.grant-service.war//org.springframework.beans.factory.support.ConstructorResolver.instantiateUsingFactoryMethod(ConstructorResolver.java:541)
	at deployment.grant-service.war//org.springframework.beans.factory.support.AbstractAutowireCapableBeanFactory.instantiateUsingFactoryMethod(AbstractAutowireCapableBeanFactory.java:1330)
	at deployment.grant-service.war//org.springframework.beans.factory.support.AbstractAutowireCapableBeanFactory.createBeanInstance(AbstractAutowireCapableBeanFactory.java:1160)
	at deployment.grant-service.war//org.springframework.beans.factory.support.AbstractAutowireCapableBeanFactory.doCreateBean(AbstractAutowireCapableBeanFactory.java:558)
	at deployment.grant-service.war//org.springframework.beans.factory.support.AbstractAutowireCapableBeanFactory.createBean(AbstractAutowireCapableBeanFactory.java:518)
	at deployment.grant-service.war//org.springframework.beans.factory.support.AbstractBeanFactory.lambda$doGetBean$0(AbstractBeanFactory.java:326)
	at deployment.grant-service.war//org.springframework.beans.factory.support.DefaultSingletonBeanRegistry.getSingleton(DefaultSingletonBeanRegistry.java:234)
	at deployment.grant-service.war//org.springframework.beans.factory.support.AbstractBeanFactory.doGetBean(AbstractBeanFactory.java:324)
	at deployment.grant-service.war//org.springframework.beans.factory.support.AbstractBeanFactory.getBean(AbstractBeanFactory.java:200)
	at deployment.grant-service.war//org.springframework.beans.factory.support.AbstractBeanFactory.doGetBean(AbstractBeanFactory.java:313)
	at deployment.grant-service.war//org.springframework.beans.factory.support.AbstractBeanFactory.getBean(AbstractBeanFactory.java:200)
	at deployment.grant-service.war//org.springframework.context.support.AbstractApplicationContext.getBean(AbstractApplicationContext.java:1168)
	at deployment.grant-service.war//org.springframework.context.support.AbstractApplicationContext.finishBeanFactoryInitialization(AbstractApplicationContext.java:942)
	at deployment.grant-service.war//org.springframework.context.support.AbstractApplicationContext.refresh(AbstractApplicationContext.java:615)
	at deployment.grant-service.war//org.springframework.boot.web.servlet.context.ServletWebServerApplicationContext.refresh(ServletWebServerApplicationContext.java:146)
	at deployment.grant-service.war//org.springframework.boot.SpringApplication.refresh(SpringApplication.java:739)
	at deployment.grant-service.war//org.springframework.boot.SpringApplication.refreshContext(SpringApplication.java:441)
	at deployment.grant-service.war//org.springframework.boot.SpringApplication.run(SpringApplication.java:325)
	at deployment.grant-service.war//org.springframework.boot.web.servlet.support.SpringBootServletInitializer.run(SpringBootServletInitializer.java:174)
	at deployment.grant-service.war//org.springframework.boot.web.servlet.support.SpringBootServletInitializer.createRootApplicationContext(SpringBootServletInitializer.java:154)
	at deployment.grant-service.war//org.springframework.boot.web.servlet.support.SpringBootServletInitializer.onStartup(SpringBootServletInitializer.java:96)
	at deployment.grant-service.war//org.springframework.web.SpringServletContainerInitializer.onStartup(SpringServletContainerInitializer.java:171)
	at io.undertow.servlet@2.3.13.Final//io.undertow.servlet.core.DeploymentManagerImpl$1.call(DeploymentManagerImpl.java:204)
	at io.undertow.servlet@2.3.13.Final//io.undertow.servlet.core.DeploymentManagerImpl$1.call(DeploymentManagerImpl.java:187)
	at io.undertow.servlet@2.3.13.Final//io.undertow.servlet.core.ServletRequestContextThreadSetupAction$1.call(ServletRequestContextThreadSetupAction.java:42)
	at io.undertow.servlet@2.3.13.Final//io.undertow.servlet.core.ContextClassLoaderSetupAction$1.call(ContextClassLoaderSetupAction.java:43)
	at org.wildfly.extension.undertow@32.0.1.Final//org.wildfly.extension.undertow.deployment.UndertowDeploymentInfoService$UndertowThreadSetupAction.lambda$create$0(UndertowDeploymentInfoService.java:1421)
	at org.wildfly.extension.undertow@32.0.1.Final//org.wildfly.extension.undertow.deployment.UndertowDeploymentInfoService$UndertowThreadSetupAction.lambda$create$0(UndertowDeploymentInfoService.java:1421)
	at org.wildfly.extension.undertow@32.0.1.Final//org.wildfly.extension.undertow.deployment.UndertowDeploymentInfoService$UndertowThreadSetupAction.lambda$create$0(UndertowDeploymentInfoService.java:1421)
	at org.wildfly.extension.undertow@32.0.1.Final//org.wildfly.extension.undertow.deployment.UndertowDeploymentInfoService$UndertowThreadSetupAction.lambda$create$0(UndertowDeploymentInfoService.java:1421)
	at org.wildfly.extension.undertow@32.0.1.Final//org.wildfly.extension.undertow.deployment.UndertowDeploymentInfoService$UndertowThreadSetupAction.lambda$create$0(UndertowDeploymentInfoService.java:1421)
	at io.undertow.servlet@2.3.13.Final//io.undertow.servlet.core.DeploymentManagerImpl.deploy(DeploymentManagerImpl.java:255)
	at org.wildfly.extension.undertow@32.0.1.Final//org.wildfly.extension.undertow.deployment.UndertowDeploymentService.startContext(UndertowDeploymentService.java:88)
	at org.wildfly.extension.undertow@32.0.1.Final//org.wildfly.extension.undertow.deployment.UndertowDeploymentService$1.run(UndertowDeploymentService.java:70)
	at java.base/java.util.concurrent.Executors$RunnableAdapter.call(Executors.java:539)
	at java.base/java.util.concurrent.FutureTask.run(FutureTask.java:264)
	at org.jboss.threads@2.4.0.Final//org.jboss.threads.ContextClassLoaderSavingRunnable.run(ContextClassLoaderSavingRunnable.java:35)
	at org.jboss.threads@2.4.0.Final//org.jboss.threads.EnhancedQueueExecutor.safeRun(EnhancedQueueExecutor.java:1990)
	at org.jboss.threads@2.4.0.Final//org.jboss.threads.EnhancedQueueExecutor$ThreadBody.doRunTask(EnhancedQueueExecutor.java:1486)
	at org.jboss.threads@2.4.0.Final//org.jboss.threads.EnhancedQueueExecutor$ThreadBody.run(EnhancedQueueExecutor.java:1377)
	at java.base/java.lang.Thread.run(Thread.java:840)
	at org.jboss.threads@2.4.0.Final//org.jboss.threads.JBossThread.run(JBossThread.java:513)
Caused by: org.springframework.beans.factory.BeanCreationException: Error creating bean with name 'getDataSource' defined in class path resource [gov/hhs/cms/macfin/common/ServiceConfig.class]: Failed to instantiate [javax.sql.DataSource]: Factory method 'getDataSource' threw exception with message: Missing database URL. Configure grnt.datasource.url property in either of config files.
	at deployment.grant-service.war//org.springframework.beans.factory.support.ConstructorResolver.instantiate(ConstructorResolver.java:647)
	at deployment.grant-service.war//org.springframework.beans.factory.support.ConstructorResolver.instantiateUsingFactoryMethod(ConstructorResolver.java:635)
	at deployment.grant-service.war//org.springframework.beans.factory.support.AbstractAutowireCapableBeanFactory.instantiateUsingFactoryMethod(AbstractAutowireCapableBeanFactory.java:1330)
	at deployment.grant-service.war//org.springframework.beans.factory.support.AbstractAutowireCapableBeanFactory.createBeanInstance(AbstractAutowireCapableBeanFactory.java:1160)
	at deployment.grant-service.war//org.springframework.beans.factory.support.AbstractAutowireCapableBeanFactory.doCreateBean(AbstractAutowireCapableBeanFactory.java:558)
	at deployment.grant-service.war//org.springframework.beans.factory.support.AbstractAutowireCapableBeanFactory.createBean(AbstractAutowireCapableBeanFactory.java:518)
	at deployment.grant-service.war//org.springframework.beans.factory.support.AbstractBeanFactory.lambda$doGetBean$0(AbstractBeanFactory.java:326)
	at deployment.grant-service.war//org.springframework.beans.factory.support.DefaultSingletonBeanRegistry.getSingleton(DefaultSingletonBeanRegistry.java:234)
	at deployment.grant-service.war//org.springframework.beans.factory.support.AbstractBeanFactory.doGetBean(AbstractBeanFactory.java:324)
	at deployment.grant-service.war//org.springframework.beans.factory.support.AbstractBeanFactory.getBean(AbstractBeanFactory.java:200)
	at deployment.grant-service.war//org.springframework.beans.factory.config.DependencyDescriptor.resolveCandidate(DependencyDescriptor.java:254)
	at deployment.grant-service.war//org.springframework.beans.factory.support.DefaultListableBeanFactory.doResolveDependency(DefaultListableBeanFactory.java:1417)
	at deployment.grant-service.war//org.springframework.beans.factory.support.DefaultListableBeanFactory.resolveDependency(DefaultListableBeanFactory.java:1337)
	at deployment.grant-service.war//org.springframework.beans.factory.support.ConstructorResolver.resolveAutowiredArgument(ConstructorResolver.java:903)
	at deployment.grant-service.war//org.springframework.beans.factory.support.ConstructorResolver.createArgumentArray(ConstructorResolver.java:781)
	... 42 more
Caused by: org.springframework.beans.BeanInstantiationException: Failed to instantiate [javax.sql.DataSource]: Factory method 'getDataSource' threw exception with message: Missing database URL. Configure grnt.datasource.url property in either of config files.
	at deployment.grant-service.war//org.springframework.beans.factory.support.SimpleInstantiationStrategy.instantiate(SimpleInstantiationStrategy.java:171)
	at deployment.grant-service.war//org.springframework.beans.factory.support.ConstructorResolver.instantiate(ConstructorResolver.java:643)
	... 56 more
Caused by: gov.hhs.cms.macfin.exception.MACFINRuntimeException: Missing database URL. Configure grnt.datasource.url property in either of config files.
	at deployment.grant-service.war//gov.hhs.cms.macfin.common.ServiceConfig.getDataSourceLocal(ServiceConfig.java:174)
	at deployment.grant-service.war//gov.hhs.cms.macfin.common.ServiceConfig.getDataSource(ServiceConfig.java:119)
	at deployment.grant-service.war//gov.hhs.cms.macfin.common.ServiceConfig$$SpringCGLIB$$0.CGLIB$getDataSource$0(<generated>)
	at deployment.grant-service.war//gov.hhs.cms.macfin.common.ServiceConfig$$SpringCGLIB$$FastClass$$1.invoke(<generated>)
	at deployment.grant-service.war//org.springframework.cglib.proxy.MethodProxy.invokeSuper(MethodProxy.java:258)
	at deployment.grant-service.war//org.springframework.context.annotation.ConfigurationClassEnhancer$BeanMethodInterceptor.intercept(ConfigurationClassEnhancer.java:330)
	at deployment.grant-service.war//gov.hhs.cms.macfin.common.ServiceConfig$$SpringCGLIB$$0.getDataSource(<generated>)
	at java.base/jdk.internal.reflect.NativeMethodAccessorImpl.invoke0(Native Method)
	at java.base/jdk.internal.reflect.NativeMethodAccessorImpl.invoke(NativeMethodAccessorImpl.java:77)
	at java.base/jdk.internal.reflect.DelegatingMethodAccessorImpl.invoke(DelegatingMethodAccessorImpl.java:43)
	at java.base/java.lang.reflect.Method.invoke(Method.java:568)
	at deployment.grant-service.war//org.springframework.beans.factory.support.SimpleInstantiationStrategy.instantiate(SimpleInstantiationStrategy.java:139)
	... 57 more

