2024-07-10 17:24:59,771 INFO  [org.jboss.as.server.deployment.scanner] (MSC service thread 1-2) WFLYDS0013: Started FileSystemDeploymentService for directory C:\MACFin\wildfly\wildfly-32.0.1.Final\standalone\deployments
2024-07-10 17:24:59,776 INFO  [org.wildfly.extension.undertow] (MSC service thread 1-8) WFLYUT0012: Started server default-server.
2024-07-10 17:24:59,782 INFO  [org.jboss.as.server.deployment] (MSC service thread 1-1) WFLYSRV0027: Starting deployment of "administrative-service.war" (runtime-name: "administrative-service.war")
2024-07-10 17:24:59,782 INFO  [org.jboss.as.server.deployment] (MSC service thread 1-4) WFLYSRV0027: Starting deployment of "grant-service.war" (runtime-name: "grant-service.war")
2024-07-10 17:24:59,786 INFO  [org.wildfly.extension.undertow] (MSC service thread 1-8) Queuing requests.
2024-07-10 17:24:59,787 INFO  [org.wildfly.extension.undertow] (MSC service thread 1-8) WFLYUT0018: Host default-host starting
2024-07-10 17:24:59,918 INFO  [org.jboss.as.ejb3] (MSC service thread 1-8) WFLYEJB0493: Jakarta Enterprise Beans subsystem suspension complete
2024-07-10 17:24:59,923 INFO  [org.wildfly.extension.undertow] (MSC service thread 1-2) WFLYUT0006: Undertow HTTP listener default listening on 127.0.0.1:8080
2024-07-10 17:24:59,924 INFO  [org.wildfly.extension.undertow] (MSC service thread 1-1) WFLYUT0006: Undertow HTTPS listener https listening on 127.0.0.1:8443
2024-07-10 17:25:00,117 INFO  [org.jboss.as.connector.subsystems.datasources] (MSC service thread 1-8) WFLYJCA0001: Bound data source [java:jboss/datasources/ExampleDS]
2024-07-10 17:25:00,145 INFO  [org.jboss.ws.common.management] (MSC service thread 1-2) JBWS022052: Starting JBossWS 7.1.0.Final (Apache CXF 4.0.4) 
2024-07-10 17:25:20,881 WARN  [org.jboss.as.dependency.private] (MSC service thread 1-3) WFLYSRV0018: Deployment "deployment.administrative-service.war" is using a private module ("org.jboss.vfs") which may be changed or removed in future versions without notice.
2024-07-10 17:25:20,996 INFO  [org.jboss.weld.deployer] (MSC service thread 1-4) WFLYWELD0003: Processing weld deployment administrative-service.war
2024-07-10 17:25:21,193 INFO  [org.hibernate.validator.internal.util.Version] (MSC service thread 1-4) HV000001: Hibernate Validator 8.0.1.Final
2024-07-10 17:25:21,479 INFO  [org.springframework.data.jpa.repository.cdi.JpaRepositoryExtension] (MSC service thread 1-4) Activating CDI extension for Spring Data JPA repositories
2024-07-10 17:25:21,950 INFO  [org.jboss.weld.Version] (MSC service thread 1-2) WELD-000900: 5.1.2 (Final)
2024-07-10 17:25:23,505 INFO  [org.jboss.weld.Event] (MSC service thread 1-4) WELD-000411: Observer method [BackedAnnotatedMethod] protected org.springframework.data.repository.cdi.CdiRepositoryExtensionSupport.processAnnotatedType(@Observes ProcessAnnotatedType<X>) receives events for all annotated types. Consider restricting events using @WithAnnotations or a generic type with bounds.
2024-07-10 17:25:29,451 WARN  [org.jboss.as.dependency.private] (MSC service thread 1-5) WFLYSRV0018: Deployment "deployment.grant-service.war" is using a private module ("org.jboss.vfs") which may be changed or removed in future versions without notice.
2024-07-10 17:25:29,507 INFO  [org.jboss.weld.deployer] (MSC service thread 1-8) WFLYWELD0003: Processing weld deployment grant-service.war
2024-07-10 17:25:29,625 INFO  [org.springframework.data.jpa.repository.cdi.JpaRepositoryExtension] (MSC service thread 1-8) Activating CDI extension for Spring Data JPA repositories
2024-07-10 17:25:29,873 WARN  [org.jboss.modules.define] (Thread-140) Failed to define class io.micrometer.core.instrument.binder.jersey.server.MetricsApplicationEventListener in Module "deployment.administrative-service.war" from Service Module Loader: java.lang.NoClassDefFoundError: Failed to link io/micrometer/core/instrument/binder/jersey/server/MetricsApplicationEventListener (Module "deployment.administrative-service.war" from Service Module Loader): org/glassfish/jersey/server/monitoring/ApplicationEventListener
	at java.base/java.lang.ClassLoader.defineClass1(Native Method)
	at java.base/java.lang.ClassLoader.defineClass(ClassLoader.java:1017)
	at java.base/java.lang.ClassLoader.defineClass(ClassLoader.java:1095)
	at org.jboss.modules.ModuleClassLoader.doDefineOrLoadClass(ModuleClassLoader.java:351)
	at org.jboss.modules.ModuleClassLoader.defineClass(ModuleClassLoader.java:482)
	at org.jboss.modules.ModuleClassLoader.loadClassLocal(ModuleClassLoader.java:276)
	at org.jboss.modules.ModuleClassLoader$1.loadClassLocal(ModuleClassLoader.java:79)
	at org.jboss.modules.Module.loadModuleClass(Module.java:798)
	at org.jboss.modules.ModuleClassLoader.findClass(ModuleClassLoader.java:192)
	at org.jboss.modules.ConcurrentClassLoader.performLoadClassUnchecked(ConcurrentClassLoader.java:408)
	at org.jboss.modules.ConcurrentClassLoader.performLoadClass(ConcurrentClassLoader.java:396)
	at org.jboss.modules.ConcurrentClassLoader.loadClass(ConcurrentClassLoader.java:115)
	at java.base/java.lang.Class.forName0(Native Method)
	at java.base/java.lang.Class.forName(Class.java:467)
	at deployment.administrative-service.war//org.springframework.boot.autoconfigure.condition.FilteringSpringBootCondition.resolve(FilteringSpringBootCondition.java:108)
	at deployment.administrative-service.war//org.springframework.boot.autoconfigure.condition.FilteringSpringBootCondition$ClassNameFilter.isPresent(FilteringSpringBootCondition.java:140)
	at deployment.administrative-service.war//org.springframework.boot.autoconfigure.condition.FilteringSpringBootCondition$ClassNameFilter$2.matches(FilteringSpringBootCondition.java:128)
	at deployment.administrative-service.war//org.springframework.boot.autoconfigure.condition.OnClassCondition$StandardOutcomesResolver.getOutcome(OnClassCondition.java:223)
	at deployment.administrative-service.war//org.springframework.boot.autoconfigure.condition.OnClassCondition$StandardOutcomesResolver.getOutcome(OnClassCondition.java:210)
	at deployment.administrative-service.war//org.springframework.boot.autoconfigure.condition.OnClassCondition$StandardOutcomesResolver.getOutcomes(OnClassCondition.java:197)
	at deployment.administrative-service.war//org.springframework.boot.autoconfigure.condition.OnClassCondition$StandardOutcomesResolver.resolveOutcomes(OnClassCondition.java:186)
	at deployment.administrative-service.war//org.springframework.boot.autoconfigure.condition.OnClassCondition$ThreadedOutcomesResolver.lambda$new$0(OnClassCondition.java:146)
	at java.base/java.lang.Thread.run(Thread.java:840)
Caused by: java.lang.ClassNotFoundException: org.glassfish.jersey.server.monitoring.ApplicationEventListener from [Module "deployment.administrative-service.war" from Service Module Loader]
	at org.jboss.modules.ModuleClassLoader.findClass(ModuleClassLoader.java:200)
	at org.jboss.modules.ConcurrentClassLoader.performLoadClassUnchecked(ConcurrentClassLoader.java:408)
	at org.jboss.modules.ConcurrentClassLoader.performLoadClass(ConcurrentClassLoader.java:396)
	at org.jboss.modules.ConcurrentClassLoader.loadClass(ConcurrentClassLoader.java:115)
	... 23 more

2024-07-10 17:25:29,970 INFO  [org.jboss.weld.Event] (MSC service thread 1-8) WELD-000411: Observer method [BackedAnnotatedMethod] protected org.springframework.data.repository.cdi.CdiRepositoryExtensionSupport.processAnnotatedType(@Observes ProcessAnnotatedType<X>) receives events for all annotated types. Consider restricting events using @WithAnnotations or a generic type with bounds.
2024-07-10 17:25:32,150 WARN  [org.jboss.modules.define] (Thread-141) Failed to define class io.micrometer.core.instrument.binder.jersey.server.MetricsApplicationEventListener in Module "deployment.grant-service.war" from Service Module Loader: java.lang.NoClassDefFoundError: Failed to link io/micrometer/core/instrument/binder/jersey/server/MetricsApplicationEventListener (Module "deployment.grant-service.war" from Service Module Loader): org/glassfish/jersey/server/monitoring/ApplicationEventListener
	at java.base/java.lang.ClassLoader.defineClass1(Native Method)
	at java.base/java.lang.ClassLoader.defineClass(ClassLoader.java:1017)
	at java.base/java.lang.ClassLoader.defineClass(ClassLoader.java:1095)
	at org.jboss.modules.ModuleClassLoader.doDefineOrLoadClass(ModuleClassLoader.java:351)
	at org.jboss.modules.ModuleClassLoader.defineClass(ModuleClassLoader.java:482)
	at org.jboss.modules.ModuleClassLoader.loadClassLocal(ModuleClassLoader.java:276)
	at org.jboss.modules.ModuleClassLoader$1.loadClassLocal(ModuleClassLoader.java:79)
	at org.jboss.modules.Module.loadModuleClass(Module.java:798)
	at org.jboss.modules.ModuleClassLoader.findClass(ModuleClassLoader.java:192)
	at org.jboss.modules.ConcurrentClassLoader.performLoadClassUnchecked(ConcurrentClassLoader.java:408)
	at org.jboss.modules.ConcurrentClassLoader.performLoadClass(ConcurrentClassLoader.java:396)
	at org.jboss.modules.ConcurrentClassLoader.loadClass(ConcurrentClassLoader.java:115)
	at java.base/java.lang.Class.forName0(Native Method)
	at java.base/java.lang.Class.forName(Class.java:467)
	at deployment.grant-service.war//org.springframework.boot.autoconfigure.condition.FilteringSpringBootCondition.resolve(FilteringSpringBootCondition.java:108)
	at deployment.grant-service.war//org.springframework.boot.autoconfigure.condition.FilteringSpringBootCondition$ClassNameFilter.isPresent(FilteringSpringBootCondition.java:140)
	at deployment.grant-service.war//org.springframework.boot.autoconfigure.condition.FilteringSpringBootCondition$ClassNameFilter$2.matches(FilteringSpringBootCondition.java:128)
	at deployment.grant-service.war//org.springframework.boot.autoconfigure.condition.OnClassCondition$StandardOutcomesResolver.getOutcome(OnClassCondition.java:223)
	at deployment.grant-service.war//org.springframework.boot.autoconfigure.condition.OnClassCondition$StandardOutcomesResolver.getOutcome(OnClassCondition.java:210)
	at deployment.grant-service.war//org.springframework.boot.autoconfigure.condition.OnClassCondition$StandardOutcomesResolver.getOutcomes(OnClassCondition.java:197)
	at deployment.grant-service.war//org.springframework.boot.autoconfigure.condition.OnClassCondition$StandardOutcomesResolver.resolveOutcomes(OnClassCondition.java:186)
	at deployment.grant-service.war//org.springframework.boot.autoconfigure.condition.OnClassCondition$ThreadedOutcomesResolver.lambda$new$0(OnClassCondition.java:146)
	at java.base/java.lang.Thread.run(Thread.java:840)
Caused by: java.lang.ClassNotFoundException: org.glassfish.jersey.server.monitoring.ApplicationEventListener from [Module "deployment.grant-service.war" from Service Module Loader]
	at org.jboss.modules.ModuleClassLoader.findClass(ModuleClassLoader.java:200)
	at org.jboss.modules.ConcurrentClassLoader.performLoadClassUnchecked(ConcurrentClassLoader.java:408)
	at org.jboss.modules.ConcurrentClassLoader.performLoadClass(ConcurrentClassLoader.java:396)
	at org.jboss.modules.ConcurrentClassLoader.loadClass(ConcurrentClassLoader.java:115)
	... 23 more

2024-07-10 17:25:33,871 ERROR [org.jboss.msc.service.fail] (ServerService Thread Pool -- 106) MSC000001: Failed to start service jboss.deployment.unit."administrative-service.war".undertow-deployment: org.jboss.msc.service.StartException in service jboss.deployment.unit."administrative-service.war".undertow-deployment: java.lang.RuntimeException: org.springframework.beans.factory.UnsatisfiedDependencyException: Error creating bean with name 'dataSourceScriptDatabaseInitializer' defined in class path resource [org/springframework/boot/autoconfigure/sql/init/DataSourceInitializationConfiguration.class]: Unsatisfied dependency expressed through method 'dataSourceScriptDatabaseInitializer' parameter 0: Error creating bean with name 'getDataSource' defined in class path resource [gov/hhs/cms/macfin/common/ServiceConfig.class]: Failed to instantiate [javax.sql.DataSource]: Factory method 'getDataSource' threw exception with message: Missing database URL. Configure admin.datasource.url property in either of config files.
	at org.wildfly.extension.undertow@32.0.1.Final//org.wildfly.extension.undertow.deployment.UndertowDeploymentService$1.run(UndertowDeploymentService.java:73)
	at java.base/java.util.concurrent.Executors$RunnableAdapter.call(Executors.java:539)
	at java.base/java.util.concurrent.FutureTask.run(FutureTask.java:264)
	at org.jboss.threads@2.4.0.Final//org.jboss.threads.ContextClassLoaderSavingRunnable.run(ContextClassLoaderSavingRunnable.java:35)
	at org.jboss.threads@2.4.0.Final//org.jboss.threads.EnhancedQueueExecutor.safeRun(EnhancedQueueExecutor.java:1990)
	at org.jboss.threads@2.4.0.Final//org.jboss.threads.EnhancedQueueExecutor$ThreadBody.doRunTask(EnhancedQueueExecutor.java:1486)
	at org.jboss.threads@2.4.0.Final//org.jboss.threads.EnhancedQueueExecutor$ThreadBody.run(EnhancedQueueExecutor.java:1377)
	at java.base/java.lang.Thread.run(Thread.java:840)
	at org.jboss.threads@2.4.0.Final//org.jboss.threads.JBossThread.run(JBossThread.java:513)
Caused by: java.lang.RuntimeException: org.springframework.beans.factory.UnsatisfiedDependencyException: Error creating bean with name 'dataSourceScriptDatabaseInitializer' defined in class path resource [org/springframework/boot/autoconfigure/sql/init/DataSourceInitializationConfiguration.class]: Unsatisfied dependency expressed through method 'dataSourceScriptDatabaseInitializer' parameter 0: Error creating bean with name 'getDataSource' defined in class path resource [gov/hhs/cms/macfin/common/ServiceConfig.class]: Failed to instantiate [javax.sql.DataSource]: Factory method 'getDataSource' threw exception with message: Missing database URL. Configure admin.datasource.url property in either of config files.
	at io.undertow.servlet@2.3.13.Final//io.undertow.servlet.core.DeploymentManagerImpl.deploy(DeploymentManagerImpl.java:257)
	at org.wildfly.extension.undertow@32.0.1.Final//org.wildfly.extension.undertow.deployment.UndertowDeploymentService.startContext(UndertowDeploymentService.java:88)
	at org.wildfly.extension.undertow@32.0.1.Final//org.wildfly.extension.undertow.deployment.UndertowDeploymentService$1.run(UndertowDeploymentService.java:70)
	... 8 more
Caused by: org.springframework.beans.factory.UnsatisfiedDependencyException: Error creating bean with name 'dataSourceScriptDatabaseInitializer' defined in class path resource [org/springframework/boot/autoconfigure/sql/init/DataSourceInitializationConfiguration.class]: Unsatisfied dependency expressed through method 'dataSourceScriptDatabaseInitializer' parameter 0: Error creating bean with name 'getDataSource' defined in class path resource [gov/hhs/cms/macfin/common/ServiceConfig.class]: Failed to instantiate [javax.sql.DataSource]: Factory method 'getDataSource' threw exception with message: Missing database URL. Configure admin.datasource.url property in either of config files.
	at deployment.administrative-service.war//org.springframework.beans.factory.support.ConstructorResolver.createArgumentArray(ConstructorResolver.java:794)
	at deployment.administrative-service.war//org.springframework.beans.factory.support.ConstructorResolver.instantiateUsingFactoryMethod(ConstructorResolver.java:541)
	at deployment.administrative-service.war//org.springframework.beans.factory.support.AbstractAutowireCapableBeanFactory.instantiateUsingFactoryMethod(AbstractAutowireCapableBeanFactory.java:1330)
	at deployment.administrative-service.war//org.springframework.beans.factory.support.AbstractAutowireCapableBeanFactory.createBeanInstance(AbstractAutowireCapableBeanFactory.java:1160)
	at deployment.administrative-service.war//org.springframework.beans.factory.support.AbstractAutowireCapableBeanFactory.doCreateBean(AbstractAutowireCapableBeanFactory.java:558)
	at deployment.administrative-service.war//org.springframework.beans.factory.support.AbstractAutowireCapableBeanFactory.createBean(AbstractAutowireCapableBeanFactory.java:518)
	at deployment.administrative-service.war//org.springframework.beans.factory.support.AbstractBeanFactory.lambda$doGetBean$0(AbstractBeanFactory.java:326)
	at deployment.administrative-service.war//org.springframework.beans.factory.support.DefaultSingletonBeanRegistry.getSingleton(DefaultSingletonBeanRegistry.java:234)
	at deployment.administrative-service.war//org.springframework.beans.factory.support.AbstractBeanFactory.doGetBean(AbstractBeanFactory.java:324)
	at deployment.administrative-service.war//org.springframework.beans.factory.support.AbstractBeanFactory.getBean(AbstractBeanFactory.java:200)
	at deployment.administrative-service.war//org.springframework.beans.factory.support.AbstractBeanFactory.doGetBean(AbstractBeanFactory.java:313)
	at deployment.administrative-service.war//org.springframework.beans.factory.support.AbstractBeanFactory.getBean(AbstractBeanFactory.java:200)
	at deployment.administrative-service.war//org.springframework.context.support.AbstractApplicationContext.getBean(AbstractApplicationContext.java:1168)
	at deployment.administrative-service.war//org.springframework.context.support.AbstractApplicationContext.finishBeanFactoryInitialization(AbstractApplicationContext.java:942)
	at deployment.administrative-service.war//org.springframework.context.support.AbstractApplicationContext.refresh(AbstractApplicationContext.java:615)
	at deployment.administrative-service.war//org.springframework.boot.web.servlet.context.ServletWebServerApplicationContext.refresh(ServletWebServerApplicationContext.java:146)
	at deployment.administrative-service.war//org.springframework.boot.SpringApplication.refresh(SpringApplication.java:739)
	at deployment.administrative-service.war//org.springframework.boot.SpringApplication.refreshContext(SpringApplication.java:441)
	at deployment.administrative-service.war//org.springframework.boot.SpringApplication.run(SpringApplication.java:325)
	at deployment.administrative-service.war//org.springframework.boot.web.servlet.support.SpringBootServletInitializer.run(SpringBootServletInitializer.java:174)
	at deployment.administrative-service.war//org.springframework.boot.web.servlet.support.SpringBootServletInitializer.createRootApplicationContext(SpringBootServletInitializer.java:154)
	at deployment.administrative-service.war//org.springframework.boot.web.servlet.support.SpringBootServletInitializer.onStartup(SpringBootServletInitializer.java:96)
	at deployment.administrative-service.war//org.springframework.web.SpringServletContainerInitializer.onStartup(SpringServletContainerInitializer.java:171)
	at io.undertow.servlet@2.3.13.Final//io.undertow.servlet.core.DeploymentManagerImpl$1.call(DeploymentManagerImpl.java:204)
	at io.undertow.servlet@2.3.13.Final//io.undertow.servlet.core.DeploymentManagerImpl$1.call(DeploymentManagerImpl.java:187)
	at io.undertow.servlet@2.3.13.Final//io.undertow.servlet.core.ServletRequestContextThreadSetupAction$1.call(ServletRequestContextThreadSetupAction.java:42)
	at io.undertow.servlet@2.3.13.Final//io.undertow.servlet.core.ContextClassLoaderSetupAction$1.call(ContextClassLoaderSetupAction.java:43)
	at org.wildfly.extension.undertow@32.0.1.Final//org.wildfly.extension.undertow.deployment.UndertowDeploymentInfoService$UndertowThreadSetupAction.lambda$create$0(UndertowDeploymentInfoService.java:1421)
	at org.wildfly.extension.undertow@32.0.1.Final//org.wildfly.extension.undertow.deployment.UndertowDeploymentInfoService$UndertowThreadSetupAction.lambda$create$0(UndertowDeploymentInfoService.java:1421)
	at org.wildfly.extension.undertow@32.0.1.Final//org.wildfly.extension.undertow.deployment.UndertowDeploymentInfoService$UndertowThreadSetupAction.lambda$create$0(UndertowDeploymentInfoService.java:1421)
	at org.wildfly.extension.undertow@32.0.1.Final//org.wildfly.extension.undertow.deployment.UndertowDeploymentInfoService$UndertowThreadSetupAction.lambda$create$0(UndertowDeploymentInfoService.java:1421)
	at org.wildfly.extension.undertow@32.0.1.Final//org.wildfly.extension.undertow.deployment.UndertowDeploymentInfoService$UndertowThreadSetupAction.lambda$create$0(UndertowDeploymentInfoService.java:1421)
	at io.undertow.servlet@2.3.13.Final//io.undertow.servlet.core.DeploymentManagerImpl.deploy(DeploymentManagerImpl.java:255)
	... 10 more
Caused by: org.springframework.beans.factory.BeanCreationException: Error creating bean with name 'getDataSource' defined in class path resource [gov/hhs/cms/macfin/common/ServiceConfig.class]: Failed to instantiate [javax.sql.DataSource]: Factory method 'getDataSource' threw exception with message: Missing database URL. Configure admin.datasource.url property in either of config files.
	at deployment.administrative-service.war//org.springframework.beans.factory.support.ConstructorResolver.instantiate(ConstructorResolver.java:647)
	at deployment.administrative-service.war//org.springframework.beans.factory.support.ConstructorResolver.instantiateUsingFactoryMethod(ConstructorResolver.java:635)
	at deployment.administrative-service.war//org.springframework.beans.factory.support.AbstractAutowireCapableBeanFactory.instantiateUsingFactoryMethod(AbstractAutowireCapableBeanFactory.java:1330)
	at deployment.administrative-service.war//org.springframework.beans.factory.support.AbstractAutowireCapableBeanFactory.createBeanInstance(AbstractAutowireCapableBeanFactory.java:1160)
	at deployment.administrative-service.war//org.springframework.beans.factory.support.AbstractAutowireCapableBeanFactory.doCreateBean(AbstractAutowireCapableBeanFactory.java:558)
	at deployment.administrative-service.war//org.springframework.beans.factory.support.AbstractAutowireCapableBeanFactory.createBean(AbstractAutowireCapableBeanFactory.java:518)
	at deployment.administrative-service.war//org.springframework.beans.factory.support.AbstractBeanFactory.lambda$doGetBean$0(AbstractBeanFactory.java:326)
	at deployment.administrative-service.war//org.springframework.beans.factory.support.DefaultSingletonBeanRegistry.getSingleton(DefaultSingletonBeanRegistry.java:234)
	at deployment.administrative-service.war//org.springframework.beans.factory.support.AbstractBeanFactory.doGetBean(AbstractBeanFactory.java:324)
	at deployment.administrative-service.war//org.springframework.beans.factory.support.AbstractBeanFactory.getBean(AbstractBeanFactory.java:200)
	at deployment.administrative-service.war//org.springframework.beans.factory.config.DependencyDescriptor.resolveCandidate(DependencyDescriptor.java:254)
	at deployment.administrative-service.war//org.springframework.beans.factory.support.DefaultListableBeanFactory.doResolveDependency(DefaultListableBeanFactory.java:1417)
	at deployment.administrative-service.war//org.springframework.beans.factory.support.DefaultListableBeanFactory.resolveDependency(DefaultListableBeanFactory.java:1337)
	at deployment.administrative-service.war//org.springframework.beans.factory.support.ConstructorResolver.resolveAutowiredArgument(ConstructorResolver.java:903)
	at deployment.administrative-service.war//org.springframework.beans.factory.support.ConstructorResolver.createArgumentArray(ConstructorResolver.java:781)
	... 42 more
Caused by: org.springframework.beans.BeanInstantiationException: Failed to instantiate [javax.sql.DataSource]: Factory method 'getDataSource' threw exception with message: Missing database URL. Configure admin.datasource.url property in either of config files.
	at deployment.administrative-service.war//org.springframework.beans.factory.support.SimpleInstantiationStrategy.instantiate(SimpleInstantiationStrategy.java:171)
	at deployment.administrative-service.war//org.springframework.beans.factory.support.ConstructorResolver.instantiate(ConstructorResolver.java:643)
	... 56 more
Caused by: gov.hhs.cms.macfin.exception.MACFINRuntimeException: Missing database URL. Configure admin.datasource.url property in either of config files.
	at deployment.administrative-service.war//gov.hhs.cms.macfin.common.ServiceConfig.getDataSourceLocal(ServiceConfig.java:174)
	at deployment.administrative-service.war//gov.hhs.cms.macfin.common.ServiceConfig.getDataSource(ServiceConfig.java:119)
	at deployment.administrative-service.war//gov.hhs.cms.macfin.common.ServiceConfig$$SpringCGLIB$$0.CGLIB$getDataSource$0(<generated>)
	at deployment.administrative-service.war//gov.hhs.cms.macfin.common.ServiceConfig$$SpringCGLIB$$FastClass$$1.invoke(<generated>)
	at deployment.administrative-service.war//org.springframework.cglib.proxy.MethodProxy.invokeSuper(MethodProxy.java:258)
	at deployment.administrative-service.war//org.springframework.context.annotation.ConfigurationClassEnhancer$BeanMethodInterceptor.intercept(ConfigurationClassEnhancer.java:330)
	at deployment.administrative-service.war//gov.hhs.cms.macfin.common.ServiceConfig$$SpringCGLIB$$0.getDataSource(<generated>)
	at java.base/jdk.internal.reflect.NativeMethodAccessorImpl.invoke0(Native Method)
	at java.base/jdk.internal.reflect.NativeMethodAccessorImpl.invoke(NativeMethodAccessorImpl.java:77)
	at java.base/jdk.internal.reflect.DelegatingMethodAccessorImpl.invoke(DelegatingMethodAccessorImpl.java:43)
	at java.base/java.lang.reflect.Method.invoke(Method.java:568)
	at deployment.administrative-service.war//org.springframework.beans.factory.support.SimpleInstantiationStrategy.instantiate(SimpleInstantiationStrategy.java:139)
	... 57 more

2024-07-10 17:25:36,083 ERROR [org.jboss.msc.service.fail] (ServerService Thread Pool -- 91) MSC000001: Failed to start service jboss.deployment.unit."grant-service.war".undertow-deployment: org.jboss.msc.service.StartException in service jboss.deployment.unit."grant-service.war".undertow-deployment: java.lang.RuntimeException: org.springframework.beans.factory.UnsatisfiedDependencyException: Error creating bean with name 'dataSourceScriptDatabaseInitializer' defined in class path resource [org/springframework/boot/autoconfigure/sql/init/DataSourceInitializationConfiguration.class]: Unsatisfied dependency expressed through method 'dataSourceScriptDatabaseInitializer' parameter 0: Error creating bean with name 'getDataSource' defined in class path resource [gov/hhs/cms/macfin/common/ServiceConfig.class]: Failed to instantiate [javax.sql.DataSource]: Factory method 'getDataSource' threw exception with message: Missing database URL. Configure grnt.datasource.url property in either of config files.
	at org.wildfly.extension.undertow@32.0.1.Final//org.wildfly.extension.undertow.deployment.UndertowDeploymentService$1.run(UndertowDeploymentService.java:73)
	at java.base/java.util.concurrent.Executors$RunnableAdapter.call(Executors.java:539)
	at java.base/java.util.concurrent.FutureTask.run(FutureTask.java:264)
	at org.jboss.threads@2.4.0.Final//org.jboss.threads.ContextClassLoaderSavingRunnable.run(ContextClassLoaderSavingRunnable.java:35)
	at org.jboss.threads@2.4.0.Final//org.jboss.threads.EnhancedQueueExecutor.safeRun(EnhancedQueueExecutor.java:1990)
	at org.jboss.threads@2.4.0.Final//org.jboss.threads.EnhancedQueueExecutor$ThreadBody.doRunTask(EnhancedQueueExecutor.java:1486)
	at org.jboss.threads@2.4.0.Final//org.jboss.threads.EnhancedQueueExecutor$ThreadBody.run(EnhancedQueueExecutor.java:1377)
	at java.base/java.lang.Thread.run(Thread.java:840)
	at org.jboss.threads@2.4.0.Final//org.jboss.threads.JBossThread.run(JBossThread.java:513)
Caused by: java.lang.RuntimeException: org.springframework.beans.factory.UnsatisfiedDependencyException: Error creating bean with name 'dataSourceScriptDatabaseInitializer' defined in class path resource [org/springframework/boot/autoconfigure/sql/init/DataSourceInitializationConfiguration.class]: Unsatisfied dependency expressed through method 'dataSourceScriptDatabaseInitializer' parameter 0: Error creating bean with name 'getDataSource' defined in class path resource [gov/hhs/cms/macfin/common/ServiceConfig.class]: Failed to instantiate [javax.sql.DataSource]: Factory method 'getDataSource' threw exception with message: Missing database URL. Configure grnt.datasource.url property in either of config files.
	at io.undertow.servlet@2.3.13.Final//io.undertow.servlet.core.DeploymentManagerImpl.deploy(DeploymentManagerImpl.java:257)
	at org.wildfly.extension.undertow@32.0.1.Final//org.wildfly.extension.undertow.deployment.UndertowDeploymentService.startContext(UndertowDeploymentService.java:88)
	at org.wildfly.extension.undertow@32.0.1.Final//org.wildfly.extension.undertow.deployment.UndertowDeploymentService$1.run(UndertowDeploymentService.java:70)
	... 8 more
Caused by: org.springframework.beans.factory.UnsatisfiedDependencyException: Error creating bean with name 'dataSourceScriptDatabaseInitializer' defined in class path resource [org/springframework/boot/autoconfigure/sql/init/DataSourceInitializationConfiguration.class]: Unsatisfied dependency expressed through method 'dataSourceScriptDatabaseInitializer' parameter 0: Error creating bean with name 'getDataSource' defined in class path resource [gov/hhs/cms/macfin/common/ServiceConfig.class]: Failed to instantiate [javax.sql.DataSource]: Factory method 'getDataSource' threw exception with message: Missing database URL. Configure grnt.datasource.url property in either of config files.
	at deployment.grant-service.war//org.springframework.beans.factory.support.ConstructorResolver.createArgumentArray(ConstructorResolver.java:794)
	at deployment.grant-service.war//org.springframework.beans.factory.support.ConstructorResolver.instantiateUsingFactoryMethod(ConstructorResolver.java:541)
	at deployment.grant-service.war//org.springframework.beans.factory.support.AbstractAutowireCapableBeanFactory.instantiateUsingFactoryMethod(AbstractAutowireCapableBeanFactory.java:1330)
	at deployment.grant-service.war//org.springframework.beans.factory.support.AbstractAutowireCapableBeanFactory.createBeanInstance(AbstractAutowireCapableBeanFactory.java:1160)
	at deployment.grant-service.war//org.springframework.beans.factory.support.AbstractAutowireCapableBeanFactory.doCreateBean(AbstractAutowireCapableBeanFactory.java:558)
	at deployment.grant-service.war//org.springframework.beans.factory.support.AbstractAutowireCapableBeanFactory.createBean(AbstractAutowireCapableBeanFactory.java:518)
	at deployment.grant-service.war//org.springframework.beans.factory.support.AbstractBeanFactory.lambda$doGetBean$0(AbstractBeanFactory.java:326)
	at deployment.grant-service.war//org.springframework.beans.factory.support.DefaultSingletonBeanRegistry.getSingleton(DefaultSingletonBeanRegistry.java:234)
	at deployment.grant-service.war//org.springframework.beans.factory.support.AbstractBeanFactory.doGetBean(AbstractBeanFactory.java:324)
	at deployment.grant-service.war//org.springframework.beans.factory.support.AbstractBeanFactory.getBean(AbstractBeanFactory.java:200)
	at deployment.grant-service.war//org.springframework.beans.factory.support.AbstractBeanFactory.doGetBean(AbstractBeanFactory.java:313)
	at deployment.grant-service.war//org.springframework.beans.factory.support.AbstractBeanFactory.getBean(AbstractBeanFactory.java:200)
	at deployment.grant-service.war//org.springframework.context.support.AbstractApplicationContext.getBean(AbstractApplicationContext.java:1168)
	at deployment.grant-service.war//org.springframework.context.support.AbstractApplicationContext.finishBeanFactoryInitialization(AbstractApplicationContext.java:942)
	at deployment.grant-service.war//org.springframework.context.support.AbstractApplicationContext.refresh(AbstractApplicationContext.java:615)
	at deployment.grant-service.war//org.springframework.boot.web.servlet.context.ServletWebServerApplicationContext.refresh(ServletWebServerApplicationContext.java:146)
	at deployment.grant-service.war//org.springframework.boot.SpringApplication.refresh(SpringApplication.java:739)
	at deployment.grant-service.war//org.springframework.boot.SpringApplication.refreshContext(SpringApplication.java:441)
	at deployment.grant-service.war//org.springframework.boot.SpringApplication.run(SpringApplication.java:325)
	at deployment.grant-service.war//org.springframework.boot.web.servlet.support.SpringBootServletInitializer.run(SpringBootServletInitializer.java:174)
	at deployment.grant-service.war//org.springframework.boot.web.servlet.support.SpringBootServletInitializer.createRootApplicationContext(SpringBootServletInitializer.java:154)
	at deployment.grant-service.war//org.springframework.boot.web.servlet.support.SpringBootServletInitializer.onStartup(SpringBootServletInitializer.java:96)
	at deployment.grant-service.war//org.springframework.web.SpringServletContainerInitializer.onStartup(SpringServletContainerInitializer.java:171)
	at io.undertow.servlet@2.3.13.Final//io.undertow.servlet.core.DeploymentManagerImpl$1.call(DeploymentManagerImpl.java:204)
	at io.undertow.servlet@2.3.13.Final//io.undertow.servlet.core.DeploymentManagerImpl$1.call(DeploymentManagerImpl.java:187)
	at io.undertow.servlet@2.3.13.Final//io.undertow.servlet.core.ServletRequestContextThreadSetupAction$1.call(ServletRequestContextThreadSetupAction.java:42)
	at io.undertow.servlet@2.3.13.Final//io.undertow.servlet.core.ContextClassLoaderSetupAction$1.call(ContextClassLoaderSetupAction.java:43)
	at org.wildfly.extension.undertow@32.0.1.Final//org.wildfly.extension.undertow.deployment.UndertowDeploymentInfoService$UndertowThreadSetupAction.lambda$create$0(UndertowDeploymentInfoService.java:1421)
	at org.wildfly.extension.undertow@32.0.1.Final//org.wildfly.extension.undertow.deployment.UndertowDeploymentInfoService$UndertowThreadSetupAction.lambda$create$0(UndertowDeploymentInfoService.java:1421)
	at org.wildfly.extension.undertow@32.0.1.Final//org.wildfly.extension.undertow.deployment.UndertowDeploymentInfoService$UndertowThreadSetupAction.lambda$create$0(UndertowDeploymentInfoService.java:1421)
	at org.wildfly.extension.undertow@32.0.1.Final//org.wildfly.extension.undertow.deployment.UndertowDeploymentInfoService$UndertowThreadSetupAction.lambda$create$0(UndertowDeploymentInfoService.java:1421)
	at org.wildfly.extension.undertow@32.0.1.Final//org.wildfly.extension.undertow.deployment.UndertowDeploymentInfoService$UndertowThreadSetupAction.lambda$create$0(UndertowDeploymentInfoService.java:1421)
	at io.undertow.servlet@2.3.13.Final//io.undertow.servlet.core.DeploymentManagerImpl.deploy(DeploymentManagerImpl.java:255)
	... 10 more
Caused by: org.springframework.beans.factory.BeanCreationException: Error creating bean with name 'getDataSource' defined in class path resource [gov/hhs/cms/macfin/common/ServiceConfig.class]: Failed to instantiate [javax.sql.DataSource]: Factory method 'getDataSource' threw exception with message: Missing database URL. Configure grnt.datasource.url property in either of config files.
	at deployment.grant-service.war//org.springframework.beans.factory.support.ConstructorResolver.instantiate(ConstructorResolver.java:647)
	at deployment.grant-service.war//org.springframework.beans.factory.support.ConstructorResolver.instantiateUsingFactoryMethod(ConstructorResolver.java:635)
	at deployment.grant-service.war//org.springframework.beans.factory.support.AbstractAutowireCapableBeanFactory.instantiateUsingFactoryMethod(AbstractAutowireCapableBeanFactory.java:1330)
	at deployment.grant-service.war//org.springframework.beans.factory.support.AbstractAutowireCapableBeanFactory.createBeanInstance(AbstractAutowireCapableBeanFactory.java:1160)
	at deployment.grant-service.war//org.springframework.beans.factory.support.AbstractAutowireCapableBeanFactory.doCreateBean(AbstractAutowireCapableBeanFactory.java:558)
	at deployment.grant-service.war//org.springframework.beans.factory.support.AbstractAutowireCapableBeanFactory.createBean(AbstractAutowireCapableBeanFactory.java:518)
	at deployment.grant-service.war//org.springframework.beans.factory.support.AbstractBeanFactory.lambda$doGetBean$0(AbstractBeanFactory.java:326)
	at deployment.grant-service.war//org.springframework.beans.factory.support.DefaultSingletonBeanRegistry.getSingleton(DefaultSingletonBeanRegistry.java:234)
	at deployment.grant-service.war//org.springframework.beans.factory.support.AbstractBeanFactory.doGetBean(AbstractBeanFactory.java:324)
	at deployment.grant-service.war//org.springframework.beans.factory.support.AbstractBeanFactory.getBean(AbstractBeanFactory.java:200)
	at deployment.grant-service.war//org.springframework.beans.factory.config.DependencyDescriptor.resolveCandidate(DependencyDescriptor.java:254)
	at deployment.grant-service.war//org.springframework.beans.factory.support.DefaultListableBeanFactory.doResolveDependency(DefaultListableBeanFactory.java:1417)
	at deployment.grant-service.war//org.springframework.beans.factory.support.DefaultListableBeanFactory.resolveDependency(DefaultListableBeanFactory.java:1337)
	at deployment.grant-service.war//org.springframework.beans.factory.support.ConstructorResolver.resolveAutowiredArgument(ConstructorResolver.java:903)
	at deployment.grant-service.war//org.springframework.beans.factory.support.ConstructorResolver.createArgumentArray(ConstructorResolver.java:781)
	... 42 more
Caused by: org.springframework.beans.BeanInstantiationException: Failed to instantiate [javax.sql.DataSource]: Factory method 'getDataSource' threw exception with message: Missing database URL. Configure grnt.datasource.url property in either of config files.
	at deployment.grant-service.war//org.springframework.beans.factory.support.SimpleInstantiationStrategy.instantiate(SimpleInstantiationStrategy.java:171)
	at deployment.grant-service.war//org.springframework.beans.factory.support.ConstructorResolver.instantiate(ConstructorResolver.java:643)
	... 56 more
Caused by: gov.hhs.cms.macfin.exception.MACFINRuntimeException: Missing database URL. Configure grnt.datasource.url property in either of config files.
	at deployment.grant-service.war//gov.hhs.cms.macfin.common.ServiceConfig.getDataSourceLocal(ServiceConfig.java:174)
	at deployment.grant-service.war//gov.hhs.cms.macfin.common.ServiceConfig.getDataSource(ServiceConfig.java:119)
	at deployment.grant-service.war//gov.hhs.cms.macfin.common.ServiceConfig$$SpringCGLIB$$0.CGLIB$getDataSource$0(<generated>)
	at deployment.grant-service.war//gov.hhs.cms.macfin.common.ServiceConfig$$SpringCGLIB$$FastClass$$1.invoke(<generated>)
	at deployment.grant-service.war//org.springframework.cglib.proxy.MethodProxy.invokeSuper(MethodProxy.java:258)
	at deployment.grant-service.war//org.springframework.context.annotation.ConfigurationClassEnhancer$BeanMethodInterceptor.intercept(ConfigurationClassEnhancer.java:330)
	at deployment.grant-service.war//gov.hhs.cms.macfin.common.ServiceConfig$$SpringCGLIB$$0.getDataSource(<generated>)
	at java.base/jdk.internal.reflect.NativeMethodAccessorImpl.invoke0(Native Method)
	at java.base/jdk.internal.reflect.NativeMethodAccessorImpl.invoke(NativeMethodAccessorImpl.java:77)
	at java.base/jdk.internal.reflect.DelegatingMethodAccessorImpl.invoke(DelegatingMethodAccessorImpl.java:43)
	at java.base/java.lang.reflect.Method.invoke(Method.java:568)
	at deployment.grant-service.war//org.springframework.beans.factory.support.SimpleInstantiationStrategy.instantiate(SimpleInstantiationStrategy.java:139)
	... 57 more

2024-07-10 17:25:36,157 ERROR [org.jboss.as.controller.management-operation] (Controller Boot Thread) WFLYCTL0013: Operation ("add") failed - address: ([("deployment" => "administrative-service.war")]) - failure description: {"WFLYCTL0080: Failed services" => {"jboss.undertow.deployment.default-server.default-host./administrative-service" => "java.lang.RuntimeException: org.springframework.beans.factory.UnsatisfiedDependencyException: Error creating bean with name 'dataSourceScriptDatabaseInitializer' defined in class path resource [org/springframework/boot/autoconfigure/sql/init/DataSourceInitializationConfiguration.class]: Unsatisfied dependency expressed through method 'dataSourceScriptDatabaseInitializer' parameter 0: Error creating bean with name 'getDataSource' defined in class path resource [gov/hhs/cms/macfin/common/ServiceConfig.class]: Failed to instantiate [javax.sql.DataSource]: Factory method 'getDataSource' threw exception with message: Missing database URL. Configure admin.datasource.url property in either of config files.
    Caused by: java.lang.RuntimeException: org.springframework.beans.factory.UnsatisfiedDependencyException: Error creating bean with name 'dataSourceScriptDatabaseInitializer' defined in class path resource [org/springframework/boot/autoconfigure/sql/init/DataSourceInitializationConfiguration.class]: Unsatisfied dependency expressed through method 'dataSourceScriptDatabaseInitializer' parameter 0: Error creating bean with name 'getDataSource' defined in class path resource [gov/hhs/cms/macfin/common/ServiceConfig.class]: Failed to instantiate [javax.sql.DataSource]: Factory method 'getDataSource' threw exception with message: Missing database URL. Configure admin.datasource.url property in either of config files.
    Caused by: org.springframework.beans.factory.UnsatisfiedDependencyException: Error creating bean with name 'dataSourceScriptDatabaseInitializer' defined in class path resource [org/springframework/boot/autoconfigure/sql/init/DataSourceInitializationConfiguration.class]: Unsatisfied dependency expressed through method 'dataSourceScriptDatabaseInitializer' parameter 0: Error creating bean with name 'getDataSource' defined in class path resource [gov/hhs/cms/macfin/common/ServiceConfig.class]: Failed to instantiate [javax.sql.DataSource]: Factory method 'getDataSource' threw exception with message: Missing database URL. Configure admin.datasource.url property in either of config files.
    Caused by: org.springframework.beans.factory.BeanCreationException: Error creating bean with name 'getDataSource' defined in class path resource [gov/hhs/cms/macfin/common/ServiceConfig.class]: Failed to instantiate [javax.sql.DataSource]: Factory method 'getDataSource' threw exception with message: Missing database URL. Configure admin.datasource.url property in either of config files.
    Caused by: org.springframework.beans.BeanInstantiationException: Failed to instantiate [javax.sql.DataSource]: Factory method 'getDataSource' threw exception with message: Missing database URL. Configure admin.datasource.url property in either of config files.
    Caused by: gov.hhs.cms.macfin.exception.MACFINRuntimeException: Missing database URL. Configure admin.datasource.url property in either of config files."}}
2024-07-10 17:25:36,159 ERROR [org.jboss.as.controller.management-operation] (Controller Boot Thread) WFLYCTL0013: Operation ("add") failed - address: ([("deployment" => "grant-service.war")]) - failure description: {"WFLYCTL0080: Failed services" => {"jboss.undertow.deployment.default-server.default-host./grant-service" => "java.lang.RuntimeException: org.springframework.beans.factory.UnsatisfiedDependencyException: Error creating bean with name 'dataSourceScriptDatabaseInitializer' defined in class path resource [org/springframework/boot/autoconfigure/sql/init/DataSourceInitializationConfiguration.class]: Unsatisfied dependency expressed through method 'dataSourceScriptDatabaseInitializer' parameter 0: Error creating bean with name 'getDataSource' defined in class path resource [gov/hhs/cms/macfin/common/ServiceConfig.class]: Failed to instantiate [javax.sql.DataSource]: Factory method 'getDataSource' threw exception with message: Missing database URL. Configure grnt.datasource.url property in either of config files.
    Caused by: java.lang.RuntimeException: org.springframework.beans.factory.UnsatisfiedDependencyException: Error creating bean with name 'dataSourceScriptDatabaseInitializer' defined in class path resource [org/springframework/boot/autoconfigure/sql/init/DataSourceInitializationConfiguration.class]: Unsatisfied dependency expressed through method 'dataSourceScriptDatabaseInitializer' parameter 0: Error creating bean with name 'getDataSource' defined in class path resource [gov/hhs/cms/macfin/common/ServiceConfig.class]: Failed to instantiate [javax.sql.DataSource]: Factory method 'getDataSource' threw exception with message: Missing database URL. Configure grnt.datasource.url property in either of config files.
    Caused by: org.springframework.beans.factory.UnsatisfiedDependencyException: Error creating bean with name 'dataSourceScriptDatabaseInitializer' defined in class path resource [org/springframework/boot/autoconfigure/sql/init/DataSourceInitializationConfiguration.class]: Unsatisfied dependency expressed through method 'dataSourceScriptDatabaseInitializer' parameter 0: Error creating bean with name 'getDataSource' defined in class path resource [gov/hhs/cms/macfin/common/ServiceConfig.class]: Failed to instantiate [javax.sql.DataSource]: Factory method 'getDataSource' threw exception with message: Missing database URL. Configure grnt.datasource.url property in either of config files.
    Caused by: org.springframework.beans.factory.BeanCreationException: Error creating bean with name 'getDataSource' defined in class path resource [gov/hhs/cms/macfin/common/ServiceConfig.class]: Failed to instantiate [javax.sql.DataSource]: Factory method 'getDataSource' threw exception with message: Missing database URL. Configure grnt.datasource.url property in either of config files.
    Caused by: org.springframework.beans.BeanInstantiationException: Failed to instantiate [javax.sql.DataSource]: Factory method 'getDataSource' threw exception with message: Missing database URL. Configure grnt.datasource.url property in either of config files.
    Caused by: gov.hhs.cms.macfin.exception.MACFINRuntimeException: Missing database URL. Configure grnt.datasource.url property in either of config files."}}
2024-07-10 17:25:36,166 INFO  [org.jboss.as.server] (Controller Boot Thread) WFLYSRV0010: Deployed "grant-service.war" (runtime-name : "grant-service.war")
2024-07-10 17:25:36,167 INFO  [org.jboss.as.server] (Controller Boot Thread) WFLYSRV0010: Deployed "administrative-service.war" (runtime-name : "administrative-service.war")
2024-07-10 17:25:36,169 INFO  [org.jboss.as.controller] (Controller Boot Thread) WFLYCTL0183: Service status report
WFLYCTL0186:   Services which failed to start:      service jboss.undertow.deployment.default-server.default-host./administrative-service: java.lang.RuntimeException: org.springframework.beans.factory.UnsatisfiedDependencyException: Error creating bean with name 'dataSourceScriptDatabaseInitializer' defined in class path resource [org/springframework/boot/autoconfigure/sql/init/DataSourceInitializationConfiguration.class]: Unsatisfied dependency expressed through method 'dataSourceScriptDatabaseInitializer' parameter 0: Error creating bean with name 'getDataSource' defined in class path resource [gov/hhs/cms/macfin/common/ServiceConfig.class]: Failed to instantiate [javax.sql.DataSource]: Factory method 'getDataSource' threw exception with message: Missing database URL. Configure admin.datasource.url property in either of config files.
      service jboss.undertow.deployment.default-server.default-host./grant-service: java.lang.RuntimeException: org.springframework.beans.factory.UnsatisfiedDependencyException: Error creating bean with name 'dataSourceScriptDatabaseInitializer' defined in class path resource [org/springframework/boot/autoconfigure/sql/init/DataSourceInitializationConfiguration.class]: Unsatisfied dependency expressed through method 'dataSourceScriptDatabaseInitializer' parameter 0: Error creating bean with name 'getDataSource' defined in class path resource [gov/hhs/cms/macfin/common/ServiceConfig.class]: Failed to instantiate [javax.sql.DataSource]: Factory method 'getDataSource' threw exception with message: Missing database URL. Configure grnt.datasource.url property in either of config files.
WFLYCTL0448: 2 additional services are down due to their dependencies being missing or failed
2024-07-10 17:25:36,220 INFO  [org.jboss.as.server] (Controller Boot Thread) WFLYSRV0212: Resuming server
2024-07-10 17:25:36,229 INFO  [org.jboss.as] (Controller Boot Thread) WFLYSRV0060: Http management interface listening on http://127.0.0.1:9990/management
2024-07-10 17:25:36,229 INFO  [org.jboss.as] (Controller Boot Thread) WFLYSRV0051: Admin console listening on http://127.0.0.1:9990
2024-07-10 17:25:36,231 ERROR [org.jboss.as] (Controller Boot Thread) WFLYSRV0026: WildFly Full 32.0.1.Final (WildFly Core 24.0.1.Final) started (with errors) in 41290ms - Started 790 of 1018 services (6 services failed or missing dependencies, 329 services are lazy, passive or on-demand) - Server configuration file in use: standalone.xml
2024-07-10 17:26:06,247 INFO  [org.jboss.as.server.deployment] (MSC service thread 1-8) WFLYSRV0028: Stopped deployment administrative-service.war (runtime-name: administrative-service.war) in 1354ms
2024-07-10 17:26:06,575 INFO  [org.jboss.as.server] (External Management Request Threads -- 1) WFLYSRV0009: Undeployed "administrative-service.war" (runtime-name: "administrative-service.war")
2024-07-10 17:26:06,663 INFO  [org.jboss.as.repository] (External Management Request Threads -- 1) WFLYDR0002: Content removed from location C:\MACFin\wildfly\wildfly-32.0.1.Final\standalone\data\content\f2\416e4bc6c31da5561cd00d7b7246716710898e\content
2024-07-10 17:26:06,664 INFO  [org.jboss.as.controller] (External Management Request Threads -- 1) WFLYCTL0183: Service status report
WFLYCTL0185:    Newly corrected services:
      service jboss.deployment.unit."administrative-service.war".deploymentCompleteService (no longer required)
WFLYCTL0186:   Services which failed to start:      service jboss.undertow.deployment.default-server.default-host./grant-service: java.lang.RuntimeException: org.springframework.beans.factory.UnsatisfiedDependencyException: Error creating bean with name 'dataSourceScriptDatabaseInitializer' defined in class path resource [org/springframework/boot/autoconfigure/sql/init/DataSourceInitializationConfiguration.class]: Unsatisfied dependency expressed through method 'dataSourceScriptDatabaseInitializer' parameter 0: Error creating bean with name 'getDataSource' defined in class path resource [gov/hhs/cms/macfin/common/ServiceConfig.class]: Failed to instantiate [javax.sql.DataSource]: Factory method 'getDataSource' threw exception with message: Missing database URL. Configure grnt.datasource.url property in either of config files.

2024-07-10 17:26:15,439 INFO  [org.jboss.as.server.deployment] (MSC service thread 1-2) WFLYSRV0028: Stopped deployment grant-service.war (runtime-name: grant-service.war) in 1100ms
2024-07-10 17:26:15,473 INFO  [org.jboss.as.server] (External Management Request Threads -- 1) WFLYSRV0009: Undeployed "grant-service.war" (runtime-name: "grant-service.war")
2024-07-10 17:26:15,595 INFO  [org.jboss.as.repository] (External Management Request Threads -- 1) WFLYDR0002: Content removed from location C:\MACFin\wildfly\wildfly-32.0.1.Final\standalone\data\content\9f\15f9e217a416e99d5b6a6fa192551c9b96ca2a\content
2024-07-10 17:26:15,637 INFO  [org.jboss.as.controller] (External Management Request Threads -- 1) WFLYCTL0183: Service status report
WFLYCTL0185:    Newly corrected services:
      service jboss.deployment.unit."grant-service.war".deploymentCompleteService (no longer required)

2024-07-10 17:26:19,575 INFO  [org.jboss.as.server] (Thread-1) WFLYSRV0272: Suspending server
2024-07-10 17:26:19,591 INFO  [org.jboss.as.ejb3] (Thread-1) WFLYEJB0493: Jakarta Enterprise Beans subsystem suspension complete
2024-07-10 17:26:19,606 INFO  [org.jboss.as.server] (Thread-1) WFLYSRV0220: Server shutdown has been requested via an OS signal
2024-07-10 17:26:19,626 INFO  [org.jboss.as.connector.deployers.jdbc] (MSC service thread 1-6) WFLYJCA0019: Stopped Driver service with driver-name = postgres
2024-07-10 17:26:19,632 INFO  [org.jboss.as.mail.extension] (MSC service thread 1-8) WFLYMAIL0002: Unbound mail session [java:jboss/mail/Default]
2024-07-10 17:26:19,632 INFO  [org.jboss.as.connector.subsystems.datasources] (MSC service thread 1-8) WFLYJCA0010: Unbound data source [java:jboss/datasources/ExampleDS]
2024-07-10 17:26:19,635 INFO  [org.wildfly.extension.undertow] (MSC service thread 1-8) WFLYUT0019: Host default-host stopping
2024-07-10 17:26:19,638 INFO  [org.wildfly.extension.undertow] (MSC service thread 1-8) WFLYUT0008: Undertow HTTPS listener https suspending
2024-07-10 17:26:19,641 INFO  [org.wildfly.extension.undertow] (MSC service thread 1-4) WFLYUT0008: Undertow HTTP listener default suspending
2024-07-10 17:26:19,641 INFO  [org.wildfly.extension.undertow] (MSC service thread 1-8) WFLYUT0007: Undertow HTTPS listener https stopped, was bound to 127.0.0.1:8443
2024-07-10 17:26:19,641 INFO  [org.wildfly.extension.undertow] (MSC service thread 1-4) WFLYUT0007: Undertow HTTP listener default stopped, was bound to 127.0.0.1:8080
2024-07-10 17:26:19,648 INFO  [org.wildfly.extension.undertow] (MSC service thread 1-3) WFLYUT0004: Undertow 2.3.13.Final stopping
2024-07-10 17:26:19,657 INFO  [org.jboss.as.connector.deployers.jdbc] (MSC service thread 1-7) WFLYJCA0019: Stopped Driver service with driver-name = h2
2024-07-10 17:26:20,195 INFO  [org.jboss.as] (MSC service thread 1-6) WFLYSRV0050: WildFly Full 32.0.1.Final (WildFly Core 24.0.1.Final) stopped in 584ms
